[2023-05-29T08:05:35.097+0000] {logging_mixin.py:149} INFO - Changing /opt/***/logs/dag_id=local_ingest_dag/run_id=manual__2023-05-29T08:05:32.616181+00:00/task_id=download_data_task_2018 permission to 509
[2023-05-29T08:05:35.142+0000] {logging_mixin.py:149} INFO - Changing /opt/***/logs/dag_id=local_ingest_dag/run_id=manual__2023-05-29T08:05:32.616181+00:00/task_id=download_data_task_2018 permission to 509
[2023-05-29T08:05:35.187+0000] {taskinstance.py:1103} INFO - Dependencies all met for dep_context=non-requeueable deps ti=<TaskInstance: local_ingest_dag.download_data_task_2018 manual__2023-05-29T08:05:32.616181+00:00 [queued]>
[2023-05-29T08:05:35.198+0000] {taskinstance.py:1103} INFO - Dependencies all met for dep_context=requeueable deps ti=<TaskInstance: local_ingest_dag.download_data_task_2018 manual__2023-05-29T08:05:32.616181+00:00 [queued]>
[2023-05-29T08:05:35.199+0000] {taskinstance.py:1308} INFO - Starting attempt 1 of 2
[2023-05-29T08:05:35.214+0000] {taskinstance.py:1327} INFO - Executing <Task(BashOperator): download_data_task_2018> on 2023-05-29 08:05:32.616181+00:00
[2023-05-29T08:05:35.221+0000] {standard_task_runner.py:57} INFO - Started process 85 to run task
[2023-05-29T08:05:35.226+0000] {standard_task_runner.py:84} INFO - Running: ['***', 'tasks', 'run', 'local_ingest_dag', 'download_data_task_2018', 'manual__2023-05-29T08:05:32.616181+00:00', '--job-id', '219', '--raw', '--subdir', 'DAGS_FOLDER/local_data_ingestion_gcs.py', '--cfg-path', '/tmp/tmpby3olx4y']
[2023-05-29T08:05:35.229+0000] {standard_task_runner.py:85} INFO - Job 219: Subtask download_data_task_2018
[2023-05-29T08:05:35.279+0000] {logging_mixin.py:149} INFO - Changing /opt/***/logs/dag_id=local_ingest_dag/run_id=manual__2023-05-29T08:05:32.616181+00:00/task_id=download_data_task_2018 permission to 509
[2023-05-29T08:05:35.288+0000] {task_command.py:410} INFO - Running <TaskInstance: local_ingest_dag.download_data_task_2018 manual__2023-05-29T08:05:32.616181+00:00 [running]> on host 34690edae7fe
[2023-05-29T08:05:35.566+0000] {taskinstance.py:1547} INFO - Exporting env vars: AIRFLOW_CTX_DAG_OWNER='***' AIRFLOW_CTX_DAG_ID='local_ingest_dag' AIRFLOW_CTX_TASK_ID='download_data_task_2018' AIRFLOW_CTX_EXECUTION_DATE='2023-05-29T08:05:32.616181+00:00' AIRFLOW_CTX_TRY_NUMBER='1' AIRFLOW_CTX_DAG_RUN_ID='manual__2023-05-29T08:05:32.616181+00:00'
[2023-05-29T08:05:35.568+0000] {subprocess.py:63} INFO - Tmp dir root location: 
 /tmp
[2023-05-29T08:05:35.571+0000] {subprocess.py:75} INFO - Running command: ['/bin/bash', '-c', 'curl -sS http://kilimodata.org/datastore/dump/e1a72ec2-e347-4264-8ac9-d4ec3659610a?bom=True > /opt/***/maize_2018.csv']
[2023-05-29T08:05:35.586+0000] {subprocess.py:86} INFO - Output:
[2023-05-29T08:05:36.755+0000] {subprocess.py:97} INFO - Command exited with return code 0
[2023-05-29T08:05:36.791+0000] {taskinstance.py:1350} INFO - Marking task as SUCCESS. dag_id=local_ingest_dag, task_id=download_data_task_2018, execution_date=20230529T080532, start_date=20230529T080535, end_date=20230529T080536
[2023-05-29T08:05:36.846+0000] {local_task_job_runner.py:225} INFO - Task exited with return code 0
[2023-05-29T08:05:36.876+0000] {taskinstance.py:2651} INFO - 1 downstream tasks scheduled from follow-on schedule check
