[2023-05-29T10:20:08.990+0000] {logging_mixin.py:149} INFO - Changing /opt/***/logs/dag_id=local_ingest_dag/run_id=manual__2023-05-29T10:20:06.092221+00:00/task_id=download_data_task_2018 permission to 509
[2023-05-29T10:20:09.072+0000] {logging_mixin.py:149} INFO - Changing /opt/***/logs/dag_id=local_ingest_dag/run_id=manual__2023-05-29T10:20:06.092221+00:00/task_id=download_data_task_2018 permission to 509
[2023-05-29T10:20:09.172+0000] {taskinstance.py:1103} INFO - Dependencies all met for dep_context=non-requeueable deps ti=<TaskInstance: local_ingest_dag.download_data_task_2018 manual__2023-05-29T10:20:06.092221+00:00 [queued]>
[2023-05-29T10:20:09.196+0000] {taskinstance.py:1103} INFO - Dependencies all met for dep_context=requeueable deps ti=<TaskInstance: local_ingest_dag.download_data_task_2018 manual__2023-05-29T10:20:06.092221+00:00 [queued]>
[2023-05-29T10:20:09.198+0000] {taskinstance.py:1308} INFO - Starting attempt 1 of 2
[2023-05-29T10:20:09.236+0000] {taskinstance.py:1327} INFO - Executing <Task(BashOperator): download_data_task_2018> on 2023-05-29 10:20:06.092221+00:00
[2023-05-29T10:20:09.252+0000] {standard_task_runner.py:57} INFO - Started process 85 to run task
[2023-05-29T10:20:09.263+0000] {standard_task_runner.py:84} INFO - Running: ['***', 'tasks', 'run', 'local_ingest_dag', 'download_data_task_2018', 'manual__2023-05-29T10:20:06.092221+00:00', '--job-id', '230', '--raw', '--subdir', 'DAGS_FOLDER/local_data_ingestion_gcs.py', '--cfg-path', '/tmp/tmpzv7p9stn']
[2023-05-29T10:20:09.269+0000] {standard_task_runner.py:85} INFO - Job 230: Subtask download_data_task_2018
[2023-05-29T10:20:09.393+0000] {logging_mixin.py:149} INFO - Changing /opt/***/logs/dag_id=local_ingest_dag/run_id=manual__2023-05-29T10:20:06.092221+00:00/task_id=download_data_task_2018 permission to 509
[2023-05-29T10:20:09.409+0000] {task_command.py:410} INFO - Running <TaskInstance: local_ingest_dag.download_data_task_2018 manual__2023-05-29T10:20:06.092221+00:00 [running]> on host 34690edae7fe
[2023-05-29T10:20:09.988+0000] {taskinstance.py:1547} INFO - Exporting env vars: AIRFLOW_CTX_DAG_OWNER='***' AIRFLOW_CTX_DAG_ID='local_ingest_dag' AIRFLOW_CTX_TASK_ID='download_data_task_2018' AIRFLOW_CTX_EXECUTION_DATE='2023-05-29T10:20:06.092221+00:00' AIRFLOW_CTX_TRY_NUMBER='1' AIRFLOW_CTX_DAG_RUN_ID='manual__2023-05-29T10:20:06.092221+00:00'
[2023-05-29T10:20:09.992+0000] {subprocess.py:63} INFO - Tmp dir root location: 
 /tmp
[2023-05-29T10:20:09.995+0000] {subprocess.py:75} INFO - Running command: ['/bin/bash', '-c', 'curl -sS http://kilimodata.org/datastore/dump/e1a72ec2-e347-4264-8ac9-d4ec3659610a?bom=True > /opt/***/maize_2018.csv']
[2023-05-29T10:20:10.022+0000] {subprocess.py:86} INFO - Output:
[2023-05-29T10:20:11.293+0000] {subprocess.py:97} INFO - Command exited with return code 0
[2023-05-29T10:20:11.370+0000] {taskinstance.py:1350} INFO - Marking task as SUCCESS. dag_id=local_ingest_dag, task_id=download_data_task_2018, execution_date=20230529T102006, start_date=20230529T102009, end_date=20230529T102011
[2023-05-29T10:20:11.468+0000] {local_task_job_runner.py:225} INFO - Task exited with return code 0
[2023-05-29T10:20:11.538+0000] {taskinstance.py:2651} INFO - 1 downstream tasks scheduled from follow-on schedule check
