[2023-05-29T10:20:08.935+0000] {logging_mixin.py:149} INFO - Changing /opt/***/logs/dag_id=local_ingest_dag/run_id=manual__2023-05-29T10:20:06.092221+00:00/task_id=download_data_task_2017 permission to 509
[2023-05-29T10:20:09.030+0000] {logging_mixin.py:149} INFO - Changing /opt/***/logs/dag_id=local_ingest_dag/run_id=manual__2023-05-29T10:20:06.092221+00:00/task_id=download_data_task_2017 permission to 509
[2023-05-29T10:20:09.134+0000] {taskinstance.py:1103} INFO - Dependencies all met for dep_context=non-requeueable deps ti=<TaskInstance: local_ingest_dag.download_data_task_2017 manual__2023-05-29T10:20:06.092221+00:00 [queued]>
[2023-05-29T10:20:09.162+0000] {taskinstance.py:1103} INFO - Dependencies all met for dep_context=requeueable deps ti=<TaskInstance: local_ingest_dag.download_data_task_2017 manual__2023-05-29T10:20:06.092221+00:00 [queued]>
[2023-05-29T10:20:09.164+0000] {taskinstance.py:1308} INFO - Starting attempt 1 of 2
[2023-05-29T10:20:09.201+0000] {taskinstance.py:1327} INFO - Executing <Task(BashOperator): download_data_task_2017> on 2023-05-29 10:20:06.092221+00:00
[2023-05-29T10:20:09.210+0000] {standard_task_runner.py:57} INFO - Started process 84 to run task
[2023-05-29T10:20:09.218+0000] {standard_task_runner.py:84} INFO - Running: ['***', 'tasks', 'run', 'local_ingest_dag', 'download_data_task_2017', 'manual__2023-05-29T10:20:06.092221+00:00', '--job-id', '229', '--raw', '--subdir', 'DAGS_FOLDER/local_data_ingestion_gcs.py', '--cfg-path', '/tmp/tmp8ksbmhst']
[2023-05-29T10:20:09.223+0000] {standard_task_runner.py:85} INFO - Job 229: Subtask download_data_task_2017
[2023-05-29T10:20:09.333+0000] {logging_mixin.py:149} INFO - Changing /opt/***/logs/dag_id=local_ingest_dag/run_id=manual__2023-05-29T10:20:06.092221+00:00/task_id=download_data_task_2017 permission to 509
[2023-05-29T10:20:09.360+0000] {task_command.py:410} INFO - Running <TaskInstance: local_ingest_dag.download_data_task_2017 manual__2023-05-29T10:20:06.092221+00:00 [running]> on host 34690edae7fe
[2023-05-29T10:20:09.926+0000] {taskinstance.py:1547} INFO - Exporting env vars: AIRFLOW_CTX_DAG_OWNER='***' AIRFLOW_CTX_DAG_ID='local_ingest_dag' AIRFLOW_CTX_TASK_ID='download_data_task_2017' AIRFLOW_CTX_EXECUTION_DATE='2023-05-29T10:20:06.092221+00:00' AIRFLOW_CTX_TRY_NUMBER='1' AIRFLOW_CTX_DAG_RUN_ID='manual__2023-05-29T10:20:06.092221+00:00'
[2023-05-29T10:20:09.931+0000] {subprocess.py:63} INFO - Tmp dir root location: 
 /tmp
[2023-05-29T10:20:09.935+0000] {subprocess.py:75} INFO - Running command: ['/bin/bash', '-c', 'curl -sS http://kilimodata.org/datastore/dump/63fa57a5-a7c2-40e1-a728-f9546fa383ef?bom=True > /opt/***/maize_2017.csv']
[2023-05-29T10:20:09.969+0000] {subprocess.py:86} INFO - Output:
[2023-05-29T10:20:11.052+0000] {subprocess.py:97} INFO - Command exited with return code 0
[2023-05-29T10:20:11.105+0000] {taskinstance.py:1350} INFO - Marking task as SUCCESS. dag_id=local_ingest_dag, task_id=download_data_task_2017, execution_date=20230529T102006, start_date=20230529T102009, end_date=20230529T102011
[2023-05-29T10:20:11.172+0000] {local_task_job_runner.py:225} INFO - Task exited with return code 0
[2023-05-29T10:20:11.228+0000] {taskinstance.py:2651} INFO - 1 downstream tasks scheduled from follow-on schedule check
