[2023-05-29T05:54:55.484+0000] {logging_mixin.py:149} INFO - Changing /opt/***/logs/dag_id=local_ingest_dag/run_id=manual__2023-05-29T05:54:48.389326+00:00/task_id=download_data_task_2017 permission to 509
[2023-05-29T05:54:55.582+0000] {logging_mixin.py:149} INFO - Changing /opt/***/logs/dag_id=local_ingest_dag/run_id=manual__2023-05-29T05:54:48.389326+00:00/task_id=download_data_task_2017 permission to 509
[2023-05-29T05:54:55.653+0000] {taskinstance.py:1103} INFO - Dependencies all met for dep_context=non-requeueable deps ti=<TaskInstance: local_ingest_dag.download_data_task_2017 manual__2023-05-29T05:54:48.389326+00:00 [queued]>
[2023-05-29T05:54:55.674+0000] {taskinstance.py:1103} INFO - Dependencies all met for dep_context=requeueable deps ti=<TaskInstance: local_ingest_dag.download_data_task_2017 manual__2023-05-29T05:54:48.389326+00:00 [queued]>
[2023-05-29T05:54:55.676+0000] {taskinstance.py:1308} INFO - Starting attempt 1 of 2
[2023-05-29T05:54:55.708+0000] {taskinstance.py:1327} INFO - Executing <Task(BashOperator): download_data_task_2017> on 2023-05-29 05:54:48.389326+00:00
[2023-05-29T05:54:55.720+0000] {standard_task_runner.py:57} INFO - Started process 643 to run task
[2023-05-29T05:54:55.732+0000] {standard_task_runner.py:84} INFO - Running: ['***', 'tasks', 'run', 'local_ingest_dag', 'download_data_task_2017', 'manual__2023-05-29T05:54:48.389326+00:00', '--job-id', '214', '--raw', '--subdir', 'DAGS_FOLDER/local_data_ingestion_gcs.py', '--cfg-path', '/tmp/tmp0umbmydm']
[2023-05-29T05:54:55.741+0000] {standard_task_runner.py:85} INFO - Job 214: Subtask download_data_task_2017
[2023-05-29T05:54:55.922+0000] {logging_mixin.py:149} INFO - Changing /opt/***/logs/dag_id=local_ingest_dag/run_id=manual__2023-05-29T05:54:48.389326+00:00/task_id=download_data_task_2017 permission to 509
[2023-05-29T05:54:55.941+0000] {task_command.py:410} INFO - Running <TaskInstance: local_ingest_dag.download_data_task_2017 manual__2023-05-29T05:54:48.389326+00:00 [running]> on host feb14691acc2
[2023-05-29T05:54:56.416+0000] {taskinstance.py:1547} INFO - Exporting env vars: AIRFLOW_CTX_DAG_OWNER='***' AIRFLOW_CTX_DAG_ID='local_ingest_dag' AIRFLOW_CTX_TASK_ID='download_data_task_2017' AIRFLOW_CTX_EXECUTION_DATE='2023-05-29T05:54:48.389326+00:00' AIRFLOW_CTX_TRY_NUMBER='1' AIRFLOW_CTX_DAG_RUN_ID='manual__2023-05-29T05:54:48.389326+00:00'
[2023-05-29T05:54:56.423+0000] {subprocess.py:63} INFO - Tmp dir root location: 
 /tmp
[2023-05-29T05:54:56.428+0000] {subprocess.py:75} INFO - Running command: ['/bin/bash', '-c', 'curl -sS http://kilimodata.org/datastore/dump/63fa57a5-a7c2-40e1-a728-f9546fa383ef?bom=True > /opt/***/Horticulture_2017.csv']
[2023-05-29T05:54:56.447+0000] {subprocess.py:86} INFO - Output:
[2023-05-29T05:54:56.838+0000] {subprocess.py:97} INFO - Command exited with return code 0
[2023-05-29T05:54:56.876+0000] {taskinstance.py:1350} INFO - Marking task as SUCCESS. dag_id=local_ingest_dag, task_id=download_data_task_2017, execution_date=20230529T055448, start_date=20230529T055455, end_date=20230529T055456
[2023-05-29T05:54:56.951+0000] {local_task_job_runner.py:225} INFO - Task exited with return code 0
[2023-05-29T05:54:56.979+0000] {taskinstance.py:2651} INFO - 0 downstream tasks scheduled from follow-on schedule check
